<?xml version="1.0" encoding="UTF-8"?>
<!-- Generated by org.testng.reporters.JUnitReportReporter -->
<testsuite hostname="Tarun" failures="0" tests="1" name="Scripts.Test3" time="8.280" errors="0" timestamp="2022-10-28T14:25:47 IST" skipped="0">
  <testcase classname="Scripts.Test3" name="test" time="8.280"/>
  <system-out/>
</testsuite> <!-- Scripts.Test3 -->
