<?xml version="1.0" encoding="UTF-8"?>
<!-- Generated by org.testng.reporters.JUnitReportReporter -->
<testsuite hostname="Tarun" failures="0" tests="1" name="Scripts.Test2" time="7.347" errors="0" timestamp="2022-10-28T14:25:47 IST" skipped="0">
  <testcase classname="Scripts.Test2" name="test" time="7.347"/>
  <system-out/>
</testsuite> <!-- Scripts.Test2 -->
